<?xml version="1.0" encoding="UTF-8"?>
<!-- Generated by org.testng.reporters.JUnitReportReporter -->
<testsuite hostname="DESKTOP-4L2N03T" name="validations_2_Actual_Validations_of_JSONdata.JSONAssertEx_NON_EXTENSIBLE" tests="1" failures="0" timestamp="12 Mar 2020 01:53:41 GMT" time="0.055" errors="0">
  <testcase name="test002" time="0.055" classname="validations_2_Actual_Validations_of_JSONdata.JSONAssertEx_NON_EXTENSIBLE"/>
</testsuite> <!-- validations_2_Actual_Validations_of_JSONdata.JSONAssertEx_NON_EXTENSIBLE -->
