<?xml version="1.0" encoding="UTF-8"?>
<!-- Generated by org.testng.reporters.JUnitReportReporter -->
<testsuite hostname="DESKTOP-4L2N03T" name="Mockservicesexamples.bigJSONdataextraction" tests="1" failures="0" timestamp="12 Mar 2020 15:28:34 GMT" time="7.031" errors="0">
  <testcase name="tc004" time="7.031" classname="Mockservicesexamples.bigJSONdataextraction"/>
</testsuite> <!-- Mockservicesexamples.bigJSONdataextraction -->
