<?xml version="1.0" encoding="UTF-8"?>
<!-- Generated by org.testng.reporters.JUnitReportReporter -->
<testsuite hostname="DESKTOP-4L2N03T" name="Logging.Requestloggingexample" tests="1" failures="0" timestamp="2 Mar 2020 19:57:39 GMT" time="2.769" errors="0">
  <testcase name="test005" time="2.769" classname="Logging.Requestloggingexample"/>
</testsuite> <!-- Logging.Requestloggingexample -->
