<?xml version="1.0" encoding="UTF-8"?>
<!-- Generated by org.testng.reporters.JUnitReportReporter -->
<testsuite hostname="DESKTOP-4L2N03T" name="com.oauth2.paypal.base.Baseclass" tests="1" failures="0" timestamp="19 Mar 2020 22:01:24 GMT" time="7.429" errors="0">
  <testcase name="retrieveaccesstoken" time="7.429" classname="com.oauth2.paypal.base.Baseclass"/>
</testsuite> <!-- com.oauth2.paypal.base.Baseclass -->
