<?xml version="1.0" encoding="UTF-8"?>
<!-- Generated by org.testng.reporters.JUnitReportReporter -->
<testsuite hostname="DESKTOP-4L2N03T" name="Extracting_value_outof_JSON.extractthrough_restassured_JsonPath" tests="1" failures="0" timestamp="5 Mar 2020 21:09:34 GMT" time="3.747" errors="0">
  <testcase name="getallStudents" time="3.747" classname="Extracting_value_outof_JSON.extractthrough_restassured_JsonPath"/>
</testsuite> <!-- Extracting_value_outof_JSON.extractthrough_restassured_JsonPath -->
