<?xml version="1.0" encoding="UTF-8"?>
<!-- Generated by org.testng.reporters.JUnitReportReporter -->
<testsuite hostname="DESKTOP-4L2N03T" name="com.validation.fileupload.filedownload.ValidationFileDownload" tests="1" failures="0" timestamp="16 Mar 2020 02:47:02 GMT" time="4.291" errors="0">
  <testcase name="FileDownload" time="4.291" classname="com.validation.fileupload.filedownload.ValidationFileDownload"/>
</testsuite> <!-- com.validation.fileupload.filedownload.ValidationFileDownload -->
