<?xml version="1.0" encoding="UTF-8"?>
<!-- Generated by org.testng.reporters.JUnitReportReporter -->
<testsuite hostname="DESKTOP-4L2N03T" name="com.oauth2.paypal.examples.oauthexamplepayment" tests="2" failures="0" timestamp="15 Mar 2020 17:46:42 GMT" time="11.068" errors="0">
  <testcase name="Listdisputes" time="5.225" classname="com.oauth2.paypal.examples.oauthexamplepayment"/>
  <testcase name="retrieveaccesstoken" time="5.843" classname="com.oauth2.paypal.examples.oauthexamplepayment"/>
</testsuite> <!-- com.oauth2.paypal.examples.oauthexamplepayment -->
