<?xml version="1.0" encoding="UTF-8"?>
<!-- Generated by org.testng.reporters.JUnitReportReporter -->
<testsuite hostname="DESKTOP-4L2N03T" name="Mockservicesexamples.sample" tests="1" failures="0" timestamp="6 Mar 2020 20:15:50 GMT" time="4.571" errors="0">
  <testcase name="test001" time="4.571" classname="Mockservicesexamples.sample"/>
</testsuite> <!-- Mockservicesexamples.sample -->
