<?xml version="1.0" encoding="UTF-8"?>
<!-- Generated by org.testng.reporters.JUnitReportReporter -->
<testsuite hostname="DESKTOP-4L2N03T" name="CRUDOperations.DeleteReqTest" tests="1" failures="0" timestamp="2 Mar 2020 02:34:15 GMT" time="3.312" errors="0">
  <testcase name="Delreqtest" time="3.312" classname="CRUDOperations.DeleteReqTest"/>
</testsuite> <!-- CRUDOperations.DeleteReqTest -->
