<?xml version="1.0" encoding="UTF-8"?>
<!-- Generated by org.testng.reporters.JUnitReportReporter -->
<testsuite hostname="P5CG50647LN" name="com.qtpselenium.rediff.hybrid.testcases.portfoliosuite.LoginTest" tests="2" failures="0" timestamp="23 Oct 2019 15:33:08 GMT" time="1.016" errors="0">
  <testcase name="loginTest1" time="0.123" classname="com.qtpselenium.rediff.hybrid.testcases.portfoliosuite.LoginTest"/>
  <testcase name="loginTest" time="0.893" classname="com.qtpselenium.rediff.hybrid.testcases.portfoliosuite.LoginTest"/>
</testsuite> <!-- com.qtpselenium.rediff.hybrid.testcases.portfoliosuite.LoginTest -->
