<?xml version="1.0" encoding="UTF-8"?>
<!-- Generated by org.testng.reporters.JUnitReportReporter -->
<testsuite hostname="DESKTOP-4L2N03T" name="com.Retail.App.Testcase.AddCategory" tests="1" failures="0" timestamp="17 Mar 2020 01:14:39 GMT" time="4.278" errors="0">
  <testcase name="test001" time="4.278" classname="com.Retail.App.Testcase.AddCategory"/>
</testsuite> <!-- com.Retail.App.Testcase.AddCategory -->
