<?xml version="1.0" encoding="UTF-8"?>
<!-- Generated by org.testng.reporters.JUnitReportReporter -->
<testsuite hostname="P5CG50647LN" name="com.webcentral.test.automation.webcentraldata.EPIP" tests="50" failures="0" timestamp="18 Nov 2019 16:39:26 GMT" time="173.722" errors="0">
  <testcase name="EPIP_TC_1" time="1.363" classname="com.webcentral.test.automation.webcentraldata.EPIP"/>
  <testcase name="EPIP_TC_22" time="3.306" classname="com.webcentral.test.automation.webcentraldata.EPIP"/>
  <testcase name="EPIP_TC_21" time="3.501" classname="com.webcentral.test.automation.webcentraldata.EPIP"/>
  <testcase name="EPIP_TC_27" time="3.637" classname="com.webcentral.test.automation.webcentraldata.EPIP"/>
  <testcase name="EPIP_TC_20" time="3.360" classname="com.webcentral.test.automation.webcentraldata.EPIP"/>
  <testcase name="EPIP_TC_9" time="2.000" classname="com.webcentral.test.automation.webcentraldata.EPIP"/>
  <testcase name="EPIP_TC_43" time="4.778" classname="com.webcentral.test.automation.webcentraldata.EPIP"/>
  <testcase name="EPIP_TC_18" time="3.365" classname="com.webcentral.test.automation.webcentraldata.EPIP"/>
  <testcase name="EPIP_TC_5" time="2.092" classname="com.webcentral.test.automation.webcentraldata.EPIP"/>
  <testcase name="EPIP_TC_28" time="4.254" classname="com.webcentral.test.automation.webcentraldata.EPIP"/>
  <testcase name="EPIP_TC_46" time="4.670" classname="com.webcentral.test.automation.webcentraldata.EPIP"/>
  <testcase name="EPIP_TC_19" time="3.386" classname="com.webcentral.test.automation.webcentraldata.EPIP"/>
  <testcase name="EPIP_TC_30" time="3.624" classname="com.webcentral.test.automation.webcentraldata.EPIP"/>
  <testcase name="EPIP_TC_40" time="3.476" classname="com.webcentral.test.automation.webcentraldata.EPIP"/>
  <testcase name="EPIP_TC_12" time="1.988" classname="com.webcentral.test.automation.webcentraldata.EPIP"/>
  <testcase name="EPIP_TC_23" time="3.270" classname="com.webcentral.test.automation.webcentraldata.EPIP"/>
  <testcase name="EPIP_TC_26" time="3.559" classname="com.webcentral.test.automation.webcentraldata.EPIP"/>
  <testcase name="EPIP_TC_39" time="3.586" classname="com.webcentral.test.automation.webcentraldata.EPIP"/>
  <testcase name="EPIP_TC_45" time="4.477" classname="com.webcentral.test.automation.webcentraldata.EPIP"/>
  <testcase name="EPIP_TC_42" time="4.884" classname="com.webcentral.test.automation.webcentraldata.EPIP"/>
  <testcase name="EPIP_TC_17" time="3.493" classname="com.webcentral.test.automation.webcentraldata.EPIP"/>
  <testcase name="EPIP_TC_37" time="3.317" classname="com.webcentral.test.automation.webcentraldata.EPIP"/>
  <testcase name="EPIP_TC_31" time="3.412" classname="com.webcentral.test.automation.webcentraldata.EPIP"/>
  <testcase name="EPIP_TC_44" time="4.817" classname="com.webcentral.test.automation.webcentraldata.EPIP"/>
  <testcase name="EPIP_TC_7" time="2.019" classname="com.webcentral.test.automation.webcentraldata.EPIP"/>
  <testcase name="EPIP_TC_16" time="3.639" classname="com.webcentral.test.automation.webcentraldata.EPIP"/>
  <testcase name="EPIP_TC_24" time="3.384" classname="com.webcentral.test.automation.webcentraldata.EPIP"/>
  <testcase name="EPIP_TC_33" time="3.362" classname="com.webcentral.test.automation.webcentraldata.EPIP"/>
  <testcase name="EPIP_TC_3" time="2.201" classname="com.webcentral.test.automation.webcentraldata.EPIP"/>
  <testcase name="EPIP_TC_34" time="3.173" classname="com.webcentral.test.automation.webcentraldata.EPIP"/>
  <testcase name="EPIP_TC_15" time="3.368" classname="com.webcentral.test.automation.webcentraldata.EPIP"/>
  <testcase name="EPIP_TC_47" time="4.760" classname="com.webcentral.test.automation.webcentraldata.EPIP"/>
  <testcase name="EPIP_TC_35" time="3.317" classname="com.webcentral.test.automation.webcentraldata.EPIP"/>
  <testcase name="EPIP_TC_4" time="2.553" classname="com.webcentral.test.automation.webcentraldata.EPIP"/>
  <testcase name="EPIP_TC_8" time="2.043" classname="com.webcentral.test.automation.webcentraldata.EPIP"/>
  <testcase name="EPIP_TC_6" time="2.084" classname="com.webcentral.test.automation.webcentraldata.EPIP"/>
  <testcase name="EPIP_TC_29" time="3.675" classname="com.webcentral.test.automation.webcentraldata.EPIP"/>
  <testcase name="EPIP_TC_13" time="3.573" classname="com.webcentral.test.automation.webcentraldata.EPIP"/>
  <testcase name="EPIP_TC_14" time="3.402" classname="com.webcentral.test.automation.webcentraldata.EPIP"/>
  <testcase name="EPIP_TC_25" time="3.152" classname="com.webcentral.test.automation.webcentraldata.EPIP"/>
  <testcase name="EPIP_TC_32" time="3.133" classname="com.webcentral.test.automation.webcentraldata.EPIP"/>
  <testcase name="EPIP_TC_36" time="3.401" classname="com.webcentral.test.automation.webcentraldata.EPIP"/>
  <testcase name="EPIP_TC_48" time="5.175" classname="com.webcentral.test.automation.webcentraldata.EPIP"/>
  <testcase name="EPIP_TC_10" time="2.031" classname="com.webcentral.test.automation.webcentraldata.EPIP"/>
  <testcase name="EPIP_TC_49" time="4.766" classname="com.webcentral.test.automation.webcentraldata.EPIP"/>
  <testcase name="EPIP_TC_50" time="4.710" classname="com.webcentral.test.automation.webcentraldata.EPIP"/>
  <testcase name="EPIP_TC_38" time="3.873" classname="com.webcentral.test.automation.webcentraldata.EPIP"/>
  <testcase name="EPIP_TC_41" time="4.446" classname="com.webcentral.test.automation.webcentraldata.EPIP"/>
  <testcase name="EPIP_TC_11" time="1.816" classname="com.webcentral.test.automation.webcentraldata.EPIP"/>
  <testcase name="EPIP_TC_2" time="7.051" classname="com.webcentral.test.automation.webcentraldata.EPIP"/>
</testsuite> <!-- com.webcentral.test.automation.webcentraldata.EPIP -->
