<?xml version="1.0" encoding="UTF-8"?>
<!-- Generated by org.testng.reporters.JUnitReportReporter -->
<testsuite hostname="DESKTOP-4L2N03T" name="PostReqJSON3.mapinsmapsinsecmplist" tests="1" failures="0" timestamp="4 Mar 2020 05:54:26 GMT" time="4.441" errors="0">
  <testcase name="postreqtest" time="4.441" classname="PostReqJSON3.mapinsmapsinsecmplist"/>
</testsuite> <!-- PostReqJSON3.mapinsmapsinsecmplist -->
