<?xml version="1.0" encoding="UTF-8"?>
<!-- Generated by org.testng.reporters.JUnitReportReporter -->
<testsuite hostname="DESKTOP-4L2N03T" name="CRUDOperations.PutReqTest" tests="1" failures="0" timestamp="2 Mar 2020 02:21:34 GMT" time="3.898" errors="0">
  <testcase name="postreqtest" time="3.898" classname="CRUDOperations.PutReqTest"/>
</testsuite> <!-- CRUDOperations.PutReqTest -->
