<?xml version="1.0" encoding="UTF-8"?>
<!-- Generated by org.testng.reporters.JUnitReportReporter -->
<testsuite hostname="DESKTOP-4L2N03T" name="PostReq.JsonArrayandJsonObject" tests="1" failures="0" timestamp="3 Mar 2020 02:02:04 GMT" time="3.479" errors="0">
  <testcase name="postreqtest" time="3.479" classname="PostReq.JsonArrayandJsonObject"/>
</testsuite> <!-- PostReq.JsonArrayandJsonObject -->
