<?xml version="1.0" encoding="UTF-8"?>
<!-- Generated by org.testng.reporters.JUnitReportReporter -->
<testsuite hostname="DESKTOP-4L2N03T" name="validations_3_HAMCREST_Examples.bigJSONdataextraction" tests="1" failures="0" timestamp="12 Mar 2020 16:28:41 GMT" time="4.174" errors="0">
  <testcase name="tc004" time="4.174" classname="validations_3_HAMCREST_Examples.bigJSONdataextraction"/>
</testsuite> <!-- validations_3_HAMCREST_Examples.bigJSONdataextraction -->
