<?xml version="1.0" encoding="UTF-8"?>
<!-- Generated by org.testng.reporters.JUnitReportReporter -->
<testsuite hostname="P5CG50647LN" name="com.webcentral.test.automation.webcentraldata.JACK_TABLE" tests="36" failures="0" timestamp="18 Nov 2019 16:39:26 GMT" time="90.854" errors="0">
  <testcase name="JACK_TABLE_TC_4" time="2.343" classname="com.webcentral.test.automation.webcentraldata.JACK_TABLE"/>
  <testcase name="JACK_TABLE_TC_27" time="2.490" classname="com.webcentral.test.automation.webcentraldata.JACK_TABLE"/>
  <testcase name="JACK_TABLE_TC_6" time="2.299" classname="com.webcentral.test.automation.webcentraldata.JACK_TABLE"/>
  <testcase name="JACK_TABLE_TC_15" time="2.452" classname="com.webcentral.test.automation.webcentraldata.JACK_TABLE"/>
  <testcase name="JACK_TABLE_TC_17" time="2.135" classname="com.webcentral.test.automation.webcentraldata.JACK_TABLE"/>
  <testcase name="JACK_TABLE_TC_2" time="7.010" classname="com.webcentral.test.automation.webcentraldata.JACK_TABLE"/>
  <testcase name="JACK_TABLE_TC_34" time="2.165" classname="com.webcentral.test.automation.webcentraldata.JACK_TABLE"/>
  <testcase name="JACK_TABLE_TC_36" time="4.593" classname="com.webcentral.test.automation.webcentraldata.JACK_TABLE"/>
  <testcase name="JACK_TABLE_TC_33" time="2.258" classname="com.webcentral.test.automation.webcentraldata.JACK_TABLE"/>
  <testcase name="JACK_TABLE_TC_35" time="2.340" classname="com.webcentral.test.automation.webcentraldata.JACK_TABLE"/>
  <testcase name="JACK_TABLE_TC_16" time="2.286" classname="com.webcentral.test.automation.webcentraldata.JACK_TABLE"/>
  <testcase name="JACK_TABLE_TC_13" time="2.282" classname="com.webcentral.test.automation.webcentraldata.JACK_TABLE"/>
  <testcase name="JACK_TABLE_TC_30" time="2.260" classname="com.webcentral.test.automation.webcentraldata.JACK_TABLE"/>
  <testcase name="JACK_TABLE_TC_5" time="2.258" classname="com.webcentral.test.automation.webcentraldata.JACK_TABLE"/>
  <testcase name="JACK_TABLE_TC_22" time="2.331" classname="com.webcentral.test.automation.webcentraldata.JACK_TABLE"/>
  <testcase name="JACK_TABLE_TC_31" time="2.052" classname="com.webcentral.test.automation.webcentraldata.JACK_TABLE"/>
  <testcase name="JACK_TABLE_TC_24" time="2.137" classname="com.webcentral.test.automation.webcentraldata.JACK_TABLE"/>
  <testcase name="JACK_TABLE_TC_7" time="4.482" classname="com.webcentral.test.automation.webcentraldata.JACK_TABLE"/>
  <testcase name="JACK_TABLE_TC_3" time="2.836" classname="com.webcentral.test.automation.webcentraldata.JACK_TABLE"/>
  <testcase name="JACK_TABLE_TC_28" time="2.844" classname="com.webcentral.test.automation.webcentraldata.JACK_TABLE"/>
  <testcase name="JACK_TABLE_TC_32" time="2.225" classname="com.webcentral.test.automation.webcentraldata.JACK_TABLE"/>
  <testcase name="JACK_TABLE_TC_9" time="2.311" classname="com.webcentral.test.automation.webcentraldata.JACK_TABLE"/>
  <testcase name="JACK_TABLE_TC_12" time="2.408" classname="com.webcentral.test.automation.webcentraldata.JACK_TABLE"/>
  <testcase name="JACK_TABLE_TC_10" time="2.196" classname="com.webcentral.test.automation.webcentraldata.JACK_TABLE"/>
  <testcase name="JACK_TABLE_TC_26" time="2.067" classname="com.webcentral.test.automation.webcentraldata.JACK_TABLE"/>
  <testcase name="JACK_TABLE_TC_14" time="2.391" classname="com.webcentral.test.automation.webcentraldata.JACK_TABLE"/>
  <testcase name="JACK_TABLE_TC_25" time="2.496" classname="com.webcentral.test.automation.webcentraldata.JACK_TABLE"/>
  <testcase name="JACK_TABLE_TC_23" time="2.150" classname="com.webcentral.test.automation.webcentraldata.JACK_TABLE"/>
  <testcase name="JACK_TABLE_TC_11" time="2.360" classname="com.webcentral.test.automation.webcentraldata.JACK_TABLE"/>
  <testcase name="JACK_TABLE_TC_19" time="2.075" classname="com.webcentral.test.automation.webcentraldata.JACK_TABLE"/>
  <testcase name="JACK_TABLE_TC_21" time="2.215" classname="com.webcentral.test.automation.webcentraldata.JACK_TABLE"/>
  <testcase name="JACK_TABLE_TC_29" time="2.201" classname="com.webcentral.test.automation.webcentraldata.JACK_TABLE"/>
  <testcase name="JACK_TABLE_TC_1" time="1.117" classname="com.webcentral.test.automation.webcentraldata.JACK_TABLE"/>
  <testcase name="JACK_TABLE_TC_20" time="2.314" classname="com.webcentral.test.automation.webcentraldata.JACK_TABLE"/>
  <testcase name="JACK_TABLE_TC_8" time="2.469" classname="com.webcentral.test.automation.webcentraldata.JACK_TABLE"/>
  <testcase name="JACK_TABLE_TC_18" time="2.006" classname="com.webcentral.test.automation.webcentraldata.JACK_TABLE"/>
</testsuite> <!-- com.webcentral.test.automation.webcentraldata.JACK_TABLE -->
