<?xml version="1.0" encoding="UTF-8"?>
<!-- Generated by org.testng.reporters.JUnitReportReporter -->
<testsuite hostname="DESKTOP-4L2N03T" name="com.RestAssured.GetAllStudentsTest" tests="1" failures="0" timestamp="19 Mar 2020 00:30:15 GMT" time="3.990" errors="0">
  <testcase name="getallStudents" time="3.990" classname="com.RestAssured.GetAllStudentsTest"/>
</testsuite> <!-- com.RestAssured.GetAllStudentsTest -->
