<?xml version="1.0" encoding="UTF-8"?>
<!-- Generated by org.testng.reporters.JUnitReportReporter -->
<testsuite hostname="DESKTOP-4L2N03T" name="validations_2_Actual_Validations_of_JSONdata.JSONAssertEx1" tests="1" failures="0" timestamp="12 Mar 2020 01:10:46 GMT" time="0.062" errors="0">
  <testcase name="test001" time="0.062" classname="validations_2_Actual_Validations_of_JSONdata.JSONAssertEx1"/>
</testsuite> <!-- validations_2_Actual_Validations_of_JSONdata.JSONAssertEx1 -->
