<?xml version="1.0" encoding="UTF-8"?>
<!-- Generated by org.testng.reporters.JUnitReportReporter -->
<testsuite hostname="DESKTOP-4L2N03T" name="CRUDOperations.GetStudentbyID" tests="1" failures="0" timestamp="30 Mar 2020 06:21:44 GMT" time="5.570" errors="0">
  <testcase name="getallStudents" time="5.570" classname="CRUDOperations.GetStudentbyID"/>
</testsuite> <!-- CRUDOperations.GetStudentbyID -->
