<?xml version="1.0" encoding="UTF-8"?>
<!-- Generated by org.testng.reporters.JUnitReportReporter -->
<testsuite hostname="DESKTOP-4L2N03T" name="Filters.FiltersGETresponse" tests="1" failures="0" timestamp="13 Mar 2020 02:51:56 GMT" time="2.706" errors="0">
  <testcase name="getallStudents" time="2.706" classname="Filters.FiltersGETresponse"/>
</testsuite> <!-- Filters.FiltersGETresponse -->
