<?xml version="1.0" encoding="UTF-8"?>
<!-- Generated by org.testng.reporters.JUnitReportReporter -->
<testsuite hostname="DESKTOP-4L2N03T" name="com.RestAssured.GetAllStudentsTestBetterway" tests="1" failures="0" timestamp="26 Mar 2020 22:25:45 GMT" time="92.691" errors="0">
  <testcase name="getallStudents" time="92.691" classname="com.RestAssured.GetAllStudentsTestBetterway"/>
</testsuite> <!-- com.RestAssured.GetAllStudentsTestBetterway -->
