<?xml version="1.0" encoding="UTF-8"?>
<!-- Generated by org.testng.reporters.JUnitReportReporter -->
<testsuite hostname="P5CG50647LN" name="com.webcentral.test.automation.webcentraldata.Provider_Xwalk_Update" tests="16" failures="0" timestamp="18 Nov 2019 16:39:26 GMT" time="35.256" errors="0">
  <testcase name="Prov_Xwalk_Upd_TC_15" time="1.785" classname="com.webcentral.test.automation.webcentraldata.Provider_Xwalk_Update"/>
  <testcase name="Prov_Xwalk_Upd_TC_5" time="2.085" classname="com.webcentral.test.automation.webcentraldata.Provider_Xwalk_Update"/>
  <testcase name="Prov_Xwalk_Upd_TC_3" time="1.906" classname="com.webcentral.test.automation.webcentraldata.Provider_Xwalk_Update"/>
  <testcase name="Prov_Xwalk_Upd_TC_7" time="1.913" classname="com.webcentral.test.automation.webcentraldata.Provider_Xwalk_Update"/>
  <testcase name="Prov_Xwalk_Upd_TC_16" time="4.553" classname="com.webcentral.test.automation.webcentraldata.Provider_Xwalk_Update"/>
  <testcase name="Prov_Xwalk_Upd_TC_1" time="1.542" classname="com.webcentral.test.automation.webcentraldata.Provider_Xwalk_Update"/>
  <testcase name="Prov_Xwalk_Upd_TC_13" time="1.976" classname="com.webcentral.test.automation.webcentraldata.Provider_Xwalk_Update"/>
  <testcase name="Prov_Xwalk_Upd_TC_6" time="1.866" classname="com.webcentral.test.automation.webcentraldata.Provider_Xwalk_Update"/>
  <testcase name="Prov_Xwalk_Upd_TC_14" time="1.984" classname="com.webcentral.test.automation.webcentraldata.Provider_Xwalk_Update"/>
  <testcase name="Prov_Xwalk_Upd_TC_2" time="4.581" classname="com.webcentral.test.automation.webcentraldata.Provider_Xwalk_Update"/>
  <testcase name="Prov_Xwalk_Upd_TC_9" time="1.881" classname="com.webcentral.test.automation.webcentraldata.Provider_Xwalk_Update"/>
  <testcase name="Prov_Xwalk_Upd_TC_8" time="1.911" classname="com.webcentral.test.automation.webcentraldata.Provider_Xwalk_Update"/>
  <testcase name="Prov_Xwalk_Upd_TC_4" time="1.657" classname="com.webcentral.test.automation.webcentraldata.Provider_Xwalk_Update"/>
  <testcase name="Prov_Xwalk_Upd_TC_11" time="2.024" classname="com.webcentral.test.automation.webcentraldata.Provider_Xwalk_Update"/>
  <testcase name="Prov_Xwalk_Upd_TC_12" time="1.716" classname="com.webcentral.test.automation.webcentraldata.Provider_Xwalk_Update"/>
  <testcase name="Prov_Xwalk_Upd_TC_10" time="1.876" classname="com.webcentral.test.automation.webcentraldata.Provider_Xwalk_Update"/>
</testsuite> <!-- com.webcentral.test.automation.webcentraldata.Provider_Xwalk_Update -->
