<?xml version="1.0" encoding="UTF-8"?>
<!-- Generated by org.testng.reporters.JUnitReportReporter -->
<testsuite hostname="DESKTOP-4L2N03T" name="PostReqJSON1.Passingmapinsdmap" tests="1" failures="0" timestamp="4 Mar 2020 01:17:04 GMT" time="3.226" errors="0">
  <testcase name="postreqtest" time="3.226" classname="PostReqJSON1.Passingmapinsdmap"/>
</testsuite> <!-- PostReqJSON1.Passingmapinsdmap -->
