<?xml version="1.0" encoding="UTF-8"?>
<!-- Generated by org.testng.reporters.JUnitReportReporter -->
<testsuite hostname="DESKTOP-4L2N03T" name="validations_3_HAMCREST_Examples.HAMCREST_AllinOneEg" tests="1" failures="0" timestamp="12 Mar 2020 22:44:14 GMT" time="4.540" errors="0">
  <testcase name="HardAssert" time="4.540" classname="validations_3_HAMCREST_Examples.HAMCREST_AllinOneEg"/>
</testsuite> <!-- validations_3_HAMCREST_Examples.HAMCREST_AllinOneEg -->
