<?xml version="1.0" encoding="UTF-8"?>
<!-- Generated by org.testng.reporters.JUnitReportReporter -->
<testsuite hostname="DESKTOP-4L2N03T" name="PostReqJSON2.Passingmapinsdmap" tests="1" failures="0" timestamp="4 Mar 2020 02:54:21 GMT" time="4.589" errors="0">
  <testcase name="postreqtest" time="4.589" classname="PostReqJSON2.Passingmapinsdmap"/>
</testsuite> <!-- PostReqJSON2.Passingmapinsdmap -->
