<?xml version="1.0" encoding="UTF-8"?>
<!-- Generated by org.testng.reporters.JUnitReportReporter -->
<testsuite hostname="DESKTOP-4L2N03T" name="com.webcentral.test.automation.webcentraldata.BCBSMPage" tests="1" failures="0" timestamp="1 Mar 2020 22:07:22 GMT" time="7.049" errors="0">
  <testcase name="Bcbsm_1" time="7.049" classname="com.webcentral.test.automation.webcentraldata.BCBSMPage"/>
</testsuite> <!-- com.webcentral.test.automation.webcentraldata.BCBSMPage -->
