<?xml version="1.0" encoding="UTF-8"?>
<!-- Generated by org.testng.reporters.JUnitReportReporter -->
<testsuite hostname="DESKTOP-4L2N03T" name="Filters.FiltersGETerror" tests="1" failures="0" timestamp="13 Mar 2020 04:38:09 GMT" time="2.825" errors="0">
  <testcase name="getallStudents" time="2.825" classname="Filters.FiltersGETerror"/>
</testsuite> <!-- Filters.FiltersGETerror -->
