<?xml version="1.0" encoding="UTF-8"?>
<!-- Generated by org.testng.reporters.JUnitReportReporter -->
<testsuite hostname="DESKTOP-4L2N03T" name="CRUDOperations.PostReqTest" tests="1" failures="0" timestamp="2 Mar 2020 19:23:30 GMT" time="3.594" errors="0">
  <testcase name="postreqtest" time="3.594" classname="CRUDOperations.PostReqTest"/>
</testsuite> <!-- CRUDOperations.PostReqTest -->
