<?xml version="1.0" encoding="UTF-8"?>
<!-- Generated by org.testng.reporters.JUnitReportReporter -->
<testsuite hostname="DESKTOP-4L2N03T" name="com.oauth2.paypal.examples.oauth2_Createproduct_paypal_POST" tests="2" failures="0" timestamp="19 Mar 2020 22:02:14 GMT" time="6.917" errors="0">
  <testcase name="retrieveaccesstoken" time="5.105" classname="com.oauth2.paypal.examples.oauth2_Createproduct_paypal_POST"/>
  <testcase name="Createproduct" time="1.812" classname="com.oauth2.paypal.examples.oauth2_Createproduct_paypal_POST"/>
</testsuite> <!-- com.oauth2.paypal.examples.oauth2_Createproduct_paypal_POST -->
