<?xml version="1.0" encoding="UTF-8"?>
<!-- Generated by org.testng.reporters.JUnitReportReporter -->
<testsuite hostname="DESKTOP-4L2N03T" name="Extracting_value_outof_JSON.extractthrough_restassured_extrmeth_extractingallstufirsname" tests="1" failures="0" timestamp="5 Mar 2020 21:26:56 GMT" time="4.038" errors="0">
  <testcase name="getallStudents" time="4.038" classname="Extracting_value_outof_JSON.extractthrough_restassured_extrmeth_extractingallstufirsname"/>
</testsuite> <!-- Extracting_value_outof_JSON.extractthrough_restassured_extrmeth_extractingallstufirsname -->
