<?xml version="1.0" encoding="UTF-8"?>
<!-- Generated by org.testng.reporters.JUnitReportReporter -->
<testsuite hostname="DESKTOP-4L2N03T" name="com.Retail.App.Testcase.LoginReq" tests="1" failures="0" timestamp="17 Mar 2020 00:49:49 GMT" time="10.519" errors="0">
  <testcase name="test001" time="10.519" classname="com.Retail.App.Testcase.LoginReq"/>
</testsuite> <!-- com.Retail.App.Testcase.LoginReq -->
