<?xml version="1.0" encoding="UTF-8"?>
<!-- Generated by org.testng.reporters.JUnitReportReporter -->
<testsuite hostname="DESKTOP-4L2N03T" name="Mockservicesexamples.Testpage" tests="1" failures="0" timestamp="6 Mar 2020 02:38:40 GMT" time="3.321" errors="0">
  <testcase name="test001" time="3.321" classname="Mockservicesexamples.Testpage"/>
</testsuite> <!-- Mockservicesexamples.Testpage -->
