<?xml version="1.0" encoding="UTF-8"?>
<!-- Generated by org.testng.reporters.JUnitReportReporter -->
<testsuite hostname="DESKTOP-4L2N03T" name="validations_3_HAMCREST_Examples.HAMCREST_Eg1" tests="1" failures="1" timestamp="12 Mar 2020 21:25:07 GMT" time="3.792" errors="0">
  <testcase name="tc004" time="3.792" classname="validations_3_HAMCREST_Examples.HAMCREST_Eg1">
    <failure type="java.lang.AssertionError" message="1 expectation failed.
JSON path results.findAll{it.id==&#039;2e7c7d14-6e8a-441f-a325-9ba1961f69a5&#039;} doesn&#039;t match.
Expected: a collection containing &quot;id&quot;
  Actual: [{id=2e7c7d14-6e8a-441f-a325-9ba1961f69a5, key=c2, version=20, name={de-DE=Redner, sv-SE=Hgtalare, en-GB=Speakers, it=Speaker, en=Speaker, da-DK=Hjttaler, de=Speaker}, slug={de-DE=Speaker, sv-SE=Speaker, en-GB=Speaker, it=Speaker, en=Speaker, da-DK=Speaker, de=Speaker}, description={da-DK=Category description, en-GB=Speakers description, de-DE=Category description, sv-SE=Category description}, ancestors=[], orderHint=0.00001533710213728513601, createdAt=2018-08-08T06:36:54.177Z, lastModifiedAt=2018-10-03T13:36:36.782Z, externalId=2, metaTitle={de-DE=Speaker DE, sv-SE=Speaker SV, en-GB=Speaker EN, it=Speaker, en=Speaker, da-DK=Speaker DA, de=Speaker}, metaDescription={da-DK=Category description, en-GB=Category description, de-DE=Category description, sv-SE=Category description}, custom={type={typeId=type, id=348d3f9f-f82a-4cb2-ad7b-042b7e263814}, fields={type=category, imageUrl=https://www.beoplay.com/~/media/buymodules/beolit17/gallery_buymodule_beolit17/desktop/beolit17_black_hero.jpg}}, assets=[], lastMessageSequenceNumber=2}]
">
      <![CDATA[java.lang.AssertionError: 1 expectation failed.
JSON path results.findAll{it.id=='2e7c7d14-6e8a-441f-a325-9ba1961f69a5'} doesn't match.
Expected: a collection containing "id"
  Actual: [{id=2e7c7d14-6e8a-441f-a325-9ba1961f69a5, key=c2, version=20, name={de-DE=Redner, sv-SE=Hgtalare, en-GB=Speakers, it=Speaker, en=Speaker, da-DK=Hjttaler, de=Speaker}, slug={de-DE=Speaker, sv-SE=Speaker, en-GB=Speaker, it=Speaker, en=Speaker, da-DK=Speaker, de=Speaker}, description={da-DK=Category description, en-GB=Speakers description, de-DE=Category description, sv-SE=Category description}, ancestors=[], orderHint=0.00001533710213728513601, createdAt=2018-08-08T06:36:54.177Z, lastModifiedAt=2018-10-03T13:36:36.782Z, externalId=2, metaTitle={de-DE=Speaker DE, sv-SE=Speaker SV, en-GB=Speaker EN, it=Speaker, en=Speaker, da-DK=Speaker DA, de=Speaker}, metaDescription={da-DK=Category description, en-GB=Category description, de-DE=Category description, sv-SE=Category description}, custom={type={typeId=type, id=348d3f9f-f82a-4cb2-ad7b-042b7e263814}, fields={type=category, imageUrl=https://www.beoplay.com/~/media/buymodules/beolit17/gallery_buymodule_beolit17/desktop/beolit17_black_hero.jpg}}, assets=[], lastMessageSequenceNumber=2}]

	at sun.reflect.NativeConstructorAccessorImpl.newInstance0(Native Method)
	at sun.reflect.NativeConstructorAccessorImpl.newInstance(NativeConstructorAccessorImpl.java:62)
	at sun.reflect.DelegatingConstructorAccessorImpl.newInstance(DelegatingConstructorAccessorImpl.java:45)
	at java.lang.reflect.Constructor.newInstance(Constructor.java:423)
	at org.codehaus.groovy.reflection.CachedConstructor.invoke(CachedConstructor.java:80)
	at org.codehaus.groovy.reflection.CachedConstructor.doConstructorInvoke(CachedConstructor.java:74)
	at org.codehaus.groovy.runtime.callsite.ConstructorSite$ConstructorSiteNoUnwrap.callConstructor(ConstructorSite.java:84)
	at org.codehaus.groovy.runtime.callsite.CallSiteArray.defaultCallConstructor(CallSiteArray.java:59)
	at org.codehaus.groovy.runtime.callsite.AbstractCallSite.callConstructor(AbstractCallSite.java:237)
	at org.codehaus.groovy.runtime.callsite.AbstractCallSite.callConstructor(AbstractCallSite.java:249)
	at io.restassured.internal.ResponseSpecificationImpl$HamcrestAssertionClosure.validate(ResponseSpecificationImpl.groovy:493)
	at io.restassured.internal.ResponseSpecificationImpl$HamcrestAssertionClosure$validate$1.call(Unknown Source)
	at org.codehaus.groovy.runtime.callsite.CallSiteArray.defaultCall(CallSiteArray.java:47)
	at org.codehaus.groovy.runtime.callsite.AbstractCallSite.call(AbstractCallSite.java:115)
	at org.codehaus.groovy.runtime.callsite.AbstractCallSite.call(AbstractCallSite.java:127)
	at io.restassured.internal.ResponseSpecificationImpl.validateResponseIfRequired(ResponseSpecificationImpl.groovy:674)
	at sun.reflect.NativeMethodAccessorImpl.invoke0(Native Method)
	at sun.reflect.NativeMethodAccessorImpl.invoke(NativeMethodAccessorImpl.java:62)
	at sun.reflect.DelegatingMethodAccessorImpl.invoke(DelegatingMethodAccessorImpl.java:43)
	at java.lang.reflect.Method.invoke(Method.java:498)
	at org.codehaus.groovy.runtime.callsite.PlainObjectMetaMethodSite.doInvoke(PlainObjectMetaMethodSite.java:43)
	at org.codehaus.groovy.runtime.callsite.PogoMetaMethodSite$PogoCachedMethodSiteNoUnwrapNoCoerce.invoke(PogoMetaMethodSite.java:190)
	at org.codehaus.groovy.runtime.callsite.PogoMetaMethodSite.callCurrent(PogoMetaMethodSite.java:58)
	at org.codehaus.groovy.runtime.callsite.CallSiteArray.defaultCallCurrent(CallSiteArray.java:51)
	at org.codehaus.groovy.runtime.callsite.AbstractCallSite.callCurrent(AbstractCallSite.java:156)
	at org.codehaus.groovy.runtime.callsite.AbstractCallSite.callCurrent(AbstractCallSite.java:168)
	at io.restassured.internal.ResponseSpecificationImpl.body(ResponseSpecificationImpl.groovy:261)
	at io.restassured.specification.ResponseSpecification$body$0.callCurrent(Unknown Source)
	at org.codehaus.groovy.runtime.callsite.CallSiteArray.defaultCallCurrent(CallSiteArray.java:51)
	at org.codehaus.groovy.runtime.callsite.AbstractCallSite.callCurrent(AbstractCallSite.java:156)
	at org.codehaus.groovy.runtime.callsite.AbstractCallSite.callCurrent(AbstractCallSite.java:192)
	at io.restassured.internal.ResponseSpecificationImpl.body(ResponseSpecificationImpl.groovy:108)
	at io.restassured.internal.ValidatableResponseOptionsImpl.body(ValidatableResponseOptionsImpl.java:244)
	at io.restassured.internal.ValidatableResponseImpl.super$2$body(ValidatableResponseImpl.groovy)
	at sun.reflect.NativeMethodAccessorImpl.invoke0(Native Method)
	at sun.reflect.NativeMethodAccessorImpl.invoke(NativeMethodAccessorImpl.java:62)
	at sun.reflect.DelegatingMethodAccessorImpl.invoke(DelegatingMethodAccessorImpl.java:43)
	at java.lang.reflect.Method.invoke(Method.java:498)
	at org.codehaus.groovy.reflection.CachedMethod.invoke(CachedMethod.java:101)
	at groovy.lang.MetaMethod.doMethodInvoke(MetaMethod.java:323)
	at groovy.lang.MetaClassImpl.invokeMethod(MetaClassImpl.java:1217)
	at org.codehaus.groovy.runtime.ScriptBytecodeAdapter.invokeMethodOnSuperN(ScriptBytecodeAdapter.java:144)
	at io.restassured.internal.ValidatableResponseImpl.body(ValidatableResponseImpl.groovy:298)
	at io.restassured.internal.ValidatableResponseImpl.body(ValidatableResponseImpl.groovy)
	at validations_3_HAMCREST_Examples.HAMCREST_Eg1.tc004(HAMCREST_Eg1.java:56)
	at sun.reflect.NativeMethodAccessorImpl.invoke0(Native Method)
	at sun.reflect.NativeMethodAccessorImpl.invoke(NativeMethodAccessorImpl.java:62)
	at sun.reflect.DelegatingMethodAccessorImpl.invoke(DelegatingMethodAccessorImpl.java:43)
	at java.lang.reflect.Method.invoke(Method.java:498)
	at org.testng.internal.MethodInvocationHelper.invokeMethod(MethodInvocationHelper.java:86)
	at org.testng.internal.Invoker.invokeMethod(Invoker.java:645)
	at org.testng.internal.Invoker.invokeTestMethod(Invoker.java:822)
	at org.testng.internal.Invoker.invokeTestMethods(Invoker.java:1130)
	at org.testng.internal.TestMethodWorker.invokeTestMethods(TestMethodWorker.java:129)
	at org.testng.internal.TestMethodWorker.run(TestMethodWorker.java:112)
	at org.testng.TestRunner.privateRun(TestRunner.java:782)
	at org.testng.TestRunner.run(TestRunner.java:632)
	at org.testng.SuiteRunner.runTest(SuiteRunner.java:366)
	at org.testng.SuiteRunner.runSequentially(SuiteRunner.java:361)
	at org.testng.SuiteRunner.privateRun(SuiteRunner.java:319)
	at org.testng.SuiteRunner.run(SuiteRunner.java:268)
	at org.testng.SuiteRunnerWorker.runSuite(SuiteRunnerWorker.java:52)
	at org.testng.SuiteRunnerWorker.run(SuiteRunnerWorker.java:86)
	at org.testng.TestNG.runSuitesSequentially(TestNG.java:1244)
	at org.testng.TestNG.runSuitesLocally(TestNG.java:1169)
	at org.testng.TestNG.run(TestNG.java:1064)
	at org.testng.remote.RemoteTestNG.run(RemoteTestNG.java:113)
	at org.testng.remote.RemoteTestNG.initAndRun(RemoteTestNG.java:206)
	at org.testng.remote.RemoteTestNG.main(RemoteTestNG.java:177)
]]>
    </failure>
  </testcase> <!-- tc004 -->
</testsuite> <!-- validations_3_HAMCREST_Examples.HAMCREST_Eg1 -->
