<?xml version="1.0" encoding="UTF-8"?>
<!-- Generated by org.testng.reporters.JUnitReportReporter -->
<testsuite hostname="DESKTOP-4L2N03T" name="Filters.FiltersexPOSTrequest" tests="1" failures="0" timestamp="13 Mar 2020 02:37:39 GMT" time="7.508" errors="0">
  <testcase name="getallStudents" time="7.508" classname="Filters.FiltersexPOSTrequest"/>
</testsuite> <!-- Filters.FiltersexPOSTrequest -->
