<?xml version="1.0" encoding="UTF-8"?>
<!-- Generated by org.testng.reporters.JUnitReportReporter -->
<testsuite hostname="P5CG50647LN" name="com.webcentral.test.automation.webcentraldata.Customer_ID_Financial" tests="16" failures="0" timestamp="18 Nov 2019 16:39:26 GMT" time="62.048" errors="0">
  <testcase name="CUST_ID_FIN_TC_13" time="3.879" classname="com.webcentral.test.automation.webcentraldata.Customer_ID_Financial"/>
  <testcase name="CUST_ID_FIN_TC_7" time="8.733" classname="com.webcentral.test.automation.webcentraldata.Customer_ID_Financial"/>
  <testcase name="CUST_ID_FIN_TC_2" time="4.987" classname="com.webcentral.test.automation.webcentraldata.Customer_ID_Financial"/>
  <testcase name="CUST_ID_FIN_TC_12" time="5.764" classname="com.webcentral.test.automation.webcentraldata.Customer_ID_Financial"/>
  <testcase name="CUST_ID_FIN_TC_3" time="1.721" classname="com.webcentral.test.automation.webcentraldata.Customer_ID_Financial"/>
  <testcase name="CUST_ID_FIN_TC_4" time="1.763" classname="com.webcentral.test.automation.webcentraldata.Customer_ID_Financial"/>
  <testcase name="CUST_ID_FIN_TC_1" time="1.243" classname="com.webcentral.test.automation.webcentraldata.Customer_ID_Financial"/>
  <testcase name="CUST_ID_FIN_TC_15" time="3.246" classname="com.webcentral.test.automation.webcentraldata.Customer_ID_Financial"/>
  <testcase name="CUST_ID_FIN_TC_14" time="3.524" classname="com.webcentral.test.automation.webcentraldata.Customer_ID_Financial"/>
  <testcase name="CUST_ID_FIN_TC_6" time="3.069" classname="com.webcentral.test.automation.webcentraldata.Customer_ID_Financial"/>
  <testcase name="CUST_ID_FIN_TC_16" time="4.822" classname="com.webcentral.test.automation.webcentraldata.Customer_ID_Financial"/>
  <testcase name="CUST_ID_FIN_TC_9" time="4.031" classname="com.webcentral.test.automation.webcentraldata.Customer_ID_Financial"/>
  <testcase name="CUST_ID_FIN_TC_5" time="2.166" classname="com.webcentral.test.automation.webcentraldata.Customer_ID_Financial"/>
  <testcase name="CUST_ID_FIN_TC_11" time="4.110" classname="com.webcentral.test.automation.webcentraldata.Customer_ID_Financial"/>
  <testcase name="CUST_ID_FIN_TC_8" time="4.910" classname="com.webcentral.test.automation.webcentraldata.Customer_ID_Financial"/>
  <testcase name="CUST_ID_FIN_TC_10" time="4.080" classname="com.webcentral.test.automation.webcentraldata.Customer_ID_Financial"/>
</testsuite> <!-- com.webcentral.test.automation.webcentraldata.Customer_ID_Financial -->
