<?xml version="1.0" encoding="UTF-8"?>
<!-- Generated by org.testng.reporters.JUnitReportReporter -->
<testsuite hostname="P5CG50647LN" name="com.webcentral.test.automation.webcentraldata.CreatePortFolio" tests="4" failures="0" timestamp="23 Oct 2019 19:28:40 GMT" time="1.029" errors="0">
  <testcase name="createPortFolioTest1" time="0.104" classname="com.webcentral.test.automation.webcentraldata.CreatePortFolio"/>
  <testcase name="createPortFolioTest2" time="0.093" classname="com.webcentral.test.automation.webcentraldata.CreatePortFolio"/>
  <testcase name="createPortFolioTest1" time="0.095" classname="com.webcentral.test.automation.webcentraldata.CreatePortFolio"/>
  <testcase name="createPortFolioTest2" time="0.737" classname="com.webcentral.test.automation.webcentraldata.CreatePortFolio"/>
</testsuite> <!-- com.webcentral.test.automation.webcentraldata.CreatePortFolio -->
