<?xml version="1.0" encoding="UTF-8"?>
<!-- Generated by org.testng.reporters.JUnitReportReporter -->
<testsuite hostname="P5CG50647LN" name="com.webcentral.test.automation.webcentraldata.Login" tests="1" failures="0" timestamp="18 Nov 2019 18:33:41 GMT" time="11.358" errors="0">
  <testcase name="login" time="11.358" classname="com.webcentral.test.automation.webcentraldata.Login"/>
</testsuite> <!-- com.webcentral.test.automation.webcentraldata.Login -->
