<?xml version="1.0" encoding="UTF-8"?>
<!-- Generated by org.testng.reporters.JUnitReportReporter -->
<testsuite hostname="DESKTOP-4L2N03T" name="Filters.Filtersex1" tests="1" failures="0" timestamp="13 Mar 2020 02:14:17 GMT" time="2.503" errors="0">
  <testcase name="getallStudents" time="2.503" classname="Filters.Filtersex1"/>
</testsuite> <!-- Filters.Filtersex1 -->
