<?xml version="1.0" encoding="UTF-8"?>
<!-- Generated by org.testng.reporters.JUnitReportReporter -->
<testsuite hostname="DESKTOP-4L2N03T" name="CRUDOperations.GetStudentbyprogramme" tests="1" failures="0" timestamp="2 Mar 2020 00:21:50 GMT" time="3.328" errors="0">
  <testcase name="getallStudents" time="3.328" classname="CRUDOperations.GetStudentbyprogramme"/>
</testsuite> <!-- CRUDOperations.GetStudentbyprogramme -->
