<?xml version="1.0" encoding="UTF-8"?>
<!-- Generated by org.testng.reporters.JUnitReportReporter -->
<testsuite hostname="DESKTOP-4L2N03T" name="PostReq1.JsonUsingCollections" tests="1" failures="0" timestamp="4 Mar 2020 19:27:39 GMT" time="3.293" errors="0">
  <testcase name="postreqtest" time="3.293" classname="PostReq1.JsonUsingCollections"/>
</testsuite> <!-- PostReq1.JsonUsingCollections -->
